Compiling the C compiler identification source file "CMakeCCompilerId.c" failed.
Compiler: %ProgramFiles%/LLVM/bin/clang-cl.exe 
Build flags: 
Id flags:  

The output was:
The system cannot find the file specified


Compiling the CXX compiler identification source file "CMakeCXXCompilerId.cpp" failed.
Compiler: %ProgramFiles%/LLVM/bin/clang-cl.exe 
Build flags: 
Id flags:  

The output was:
The system cannot find the file specified


Checking whether the ASM compiler is GNU using "--version" did not match "(GNU assembler)|(GCC)|(Free Software Foundation)":
Checking whether the ASM compiler is HP using "-V" did not match "HP C":
Checking whether the ASM compiler is Intel using "--version" did not match "(ICC)":
Checking whether the ASM compiler is SunPro using "-V" did not match "Sun C":
Checking whether the ASM compiler is XL using "-qversion" did not match "XL C":
Checking whether the ASM compiler is MSVC using "/?" did not match "Microsoft":
Checking whether the ASM compiler is TI using "-h" did not match "Texas Instruments":
Checking whether the ASM compiler is IAR using "" did not match "IAR Assembler":
Checking whether the ASM compiler is ARMCC using "" did not match "(ARM Compiler)|(ARM Assembler)":
Checking whether the ASM compiler is NASM using "-v" did not match "(NASM version)":
Checking whether the ASM compiler is YASM using "--version" did not match "(yasm)":
Checking whether the ASM compiler is ADSP using "-version" did not match "Analog Devices":
Detecting C compiler ABI info failed to compile with the following output:
Change Dir: C:/Users/David/Documents/School/Dia/build/CMakeFiles/CMakeTmp

Run Build Command:"C:/Users/David/Scripts/ninja.exe" "cmTC_5023f"
[1/2] Building C object CMakeFiles\cmTC_5023f.dir\CMakeCCompilerABI.c.obj
[2/2] Linking C executable cmTC_5023f

Cannot copy output executable
  ''
to destination specified by COPY_FILE:
  'C:/Users/David/Documents/School/Dia/build/CMakeFiles/3.12.1/CMakeDetermineCompilerABI_C.bin'
Unable to find the executable at any of:
  C:/Users/David/Documents/School/Dia/build/CMakeFiles/CMakeTmp/cmTC_5023f
  C:/Users/David/Documents/School/Dia/build/CMakeFiles/CMakeTmp/Debug/cmTC_5023f
  C:/Users/David/Documents/School/Dia/build/CMakeFiles/CMakeTmp/Development/cmTC_5023f


Detecting CXX compiler ABI info failed to compile with the following output:
Change Dir: C:/Users/David/Documents/School/Dia/build/CMakeFiles/CMakeTmp

Run Build Command:"C:/Users/David/Scripts/ninja.exe" "cmTC_5f809"
[1/2] Building CXX object CMakeFiles\cmTC_5f809.dir\CMakeCXXCompilerABI.cpp.obj
[2/2] Linking CXX executable cmTC_5f809

Cannot copy output executable
  ''
to destination specified by COPY_FILE:
  'C:/Users/David/Documents/School/Dia/build/CMakeFiles/3.12.1/CMakeDetermineCompilerABI_CXX.bin'
Unable to find the executable at any of:
  C:/Users/David/Documents/School/Dia/build/CMakeFiles/CMakeTmp/cmTC_5f809
  C:/Users/David/Documents/School/Dia/build/CMakeFiles/CMakeTmp/Debug/cmTC_5f809
  C:/Users/David/Documents/School/Dia/build/CMakeFiles/CMakeTmp/Development/cmTC_5f809


Checking whether the ASM compiler is GNU using "--version" did not match "(GNU assembler)|(GCC)|(Free Software Foundation)":
Checking whether the ASM compiler is HP using "-V" did not match "HP C":
Checking whether the ASM compiler is Intel using "--version" did not match "(ICC)":
Checking whether the ASM compiler is SunPro using "-V" did not match "Sun C":
Checking whether the ASM compiler is XL using "-qversion" did not match "XL C":
Checking whether the ASM compiler is MSVC using "/?" did not match "Microsoft":
Checking whether the ASM compiler is TI using "-h" did not match "Texas Instruments":
Checking whether the ASM compiler is IAR using "" did not match "IAR Assembler":
Checking whether the ASM compiler is ARMCC using "" did not match "(ARM Compiler)|(ARM Assembler)":
Checking whether the ASM compiler is NASM using "-v" did not match "(NASM version)":
Checking whether the ASM compiler is YASM using "--version" did not match "(yasm)":
Checking whether the ASM compiler is ADSP using "-version" did not match "Analog Devices":
Checking whether the ASM compiler is GNU using "--version" did not match "(GNU assembler)|(GCC)|(Free Software Foundation)":
Checking whether the ASM compiler is HP using "-V" did not match "HP C":
Checking whether the ASM compiler is Intel using "--version" did not match "(ICC)":
Checking whether the ASM compiler is SunPro using "-V" did not match "Sun C":
Checking whether the ASM compiler is XL using "-qversion" did not match "XL C":
Checking whether the ASM compiler is MSVC using "/?" did not match "Microsoft":
Checking whether the ASM compiler is TI using "-h" did not match "Texas Instruments":
Checking whether the ASM compiler is IAR using "" did not match "IAR Assembler":
Checking whether the ASM compiler is ARMCC using "" did not match "(ARM Compiler)|(ARM Assembler)":
Checking whether the ASM compiler is NASM using "-v" did not match "(NASM version)":
Checking whether the ASM compiler is YASM using "--version" did not match "(yasm)":
Checking whether the ASM compiler is ADSP using "-version" did not match "Analog Devices":
Checking whether the ASM compiler is GNU using "--version" did not match "(GNU assembler)|(GCC)|(Free Software Foundation)":
Checking whether the ASM compiler is HP using "-V" did not match "HP C":
Checking whether the ASM compiler is Intel using "--version" did not match "(ICC)":
Checking whether the ASM compiler is SunPro using "-V" did not match "Sun C":
Checking whether the ASM compiler is XL using "-qversion" did not match "XL C":
Checking whether the ASM compiler is MSVC using "/?" did not match "Microsoft":
Checking whether the ASM compiler is TI using "-h" did not match "Texas Instruments":
Checking whether the ASM compiler is IAR using "" did not match "IAR Assembler":
Checking whether the ASM compiler is ARMCC using "" did not match "(ARM Compiler)|(ARM Assembler)":
Checking whether the ASM compiler is NASM using "-v" did not match "(NASM version)":
Checking whether the ASM compiler is YASM using "--version" did not match "(yasm)":
Checking whether the ASM compiler is ADSP using "-version" did not match "Analog Devices":
Checking whether the ASM compiler is GNU using "--version" did not match "(GNU assembler)|(GCC)|(Free Software Foundation)":
Checking whether the ASM compiler is HP using "-V" did not match "HP C":
Checking whether the ASM compiler is Intel using "--version" did not match "(ICC)":
Checking whether the ASM compiler is SunPro using "-V" did not match "Sun C":
Checking whether the ASM compiler is XL using "-qversion" did not match "XL C":
Checking whether the ASM compiler is MSVC using "/?" did not match "Microsoft":
Checking whether the ASM compiler is TI using "-h" did not match "Texas Instruments":
Checking whether the ASM compiler is IAR using "" did not match "IAR Assembler":
Checking whether the ASM compiler is ARMCC using "" did not match "(ARM Compiler)|(ARM Assembler)":
Checking whether the ASM compiler is NASM using "-v" did not match "(NASM version)":
Checking whether the ASM compiler is YASM using "--version" did not match "(yasm)":
Checking whether the ASM compiler is ADSP using "-version" did not match "Analog Devices":
Checking whether the ASM compiler is GNU using "--version" did not match "(GNU assembler)|(GCC)|(Free Software Foundation)":
Checking whether the ASM compiler is HP using "-V" did not match "HP C":
Checking whether the ASM compiler is Intel using "--version" did not match "(ICC)":
Checking whether the ASM compiler is SunPro using "-V" did not match "Sun C":
Checking whether the ASM compiler is XL using "-qversion" did not match "XL C":
Checking whether the ASM compiler is MSVC using "/?" did not match "Microsoft":
Checking whether the ASM compiler is TI using "-h" did not match "Texas Instruments":
Checking whether the ASM compiler is IAR using "" did not match "IAR Assembler":
Checking whether the ASM compiler is ARMCC using "" did not match "(ARM Compiler)|(ARM Assembler)":
Checking whether the ASM compiler is NASM using "-v" did not match "(NASM version)":
Checking whether the ASM compiler is YASM using "--version" did not match "(yasm)":
Checking whether the ASM compiler is ADSP using "-version" did not match "Analog Devices":
Determining if the include file dlfcn.h exists failed with the following output:
Change Dir: C:/Users/David/Documents/School/Dia/build/CMakeFiles/CMakeTmp

Run Build Command:"C:/Users/David/Scripts/ninja.exe" "cmTC_74cfb"
[1/2] Building C object CMakeFiles\cmTC_74cfb.dir\CheckIncludeFile.c.obj
FAILED: CMakeFiles/cmTC_74cfb.dir/CheckIncludeFile.c.obj 
C:\PROGRA~1\LLVM\bin\clang-cl.exe    -o CMakeFiles\cmTC_74cfb.dir\CheckIncludeFile.c.obj   -c CheckIncludeFile.c
CheckIncludeFile.c(1,10):  fatal error: 'dlfcn.h' file not found
#include <dlfcn.h>
         ^~~~~~~~~
1 error generated.
ninja: build stopped: subcommand failed.


Determining if the include file link.h exists failed with the following output:
Change Dir: C:/Users/David/Documents/School/Dia/build/CMakeFiles/CMakeTmp

Run Build Command:"C:/Users/David/Scripts/ninja.exe" "cmTC_74e04"
[1/2] Building C object CMakeFiles\cmTC_74e04.dir\CheckIncludeFile.c.obj
FAILED: CMakeFiles/cmTC_74e04.dir/CheckIncludeFile.c.obj 
C:\PROGRA~1\LLVM\bin\clang-cl.exe    -o CMakeFiles\cmTC_74e04.dir\CheckIncludeFile.c.obj   -c CheckIncludeFile.c
CheckIncludeFile.c(1,10):  fatal error: 'link.h' file not found
#include <link.h>
         ^~~~~~~~
1 error generated.
ninja: build stopped: subcommand failed.


Determining if the include file malloc/malloc.h exists failed with the following output:
Change Dir: C:/Users/David/Documents/School/Dia/build/CMakeFiles/CMakeTmp

Run Build Command:"C:/Users/David/Scripts/ninja.exe" "cmTC_ea058"
[1/2] Building C object CMakeFiles\cmTC_ea058.dir\CheckIncludeFile.c.obj
FAILED: CMakeFiles/cmTC_ea058.dir/CheckIncludeFile.c.obj 
C:\PROGRA~1\LLVM\bin\clang-cl.exe    -o CMakeFiles\cmTC_ea058.dir\CheckIncludeFile.c.obj   -c CheckIncludeFile.c
CheckIncludeFile.c(1,10):  fatal error: 'malloc/malloc.h' file not found
#include <malloc/malloc.h>
         ^~~~~~~~~~~~~~~~~
1 error generated.
ninja: build stopped: subcommand failed.


Determining if the include file pthread.h exists failed with the following output:
Change Dir: C:/Users/David/Documents/School/Dia/build/CMakeFiles/CMakeTmp

Run Build Command:"C:/Users/David/Scripts/ninja.exe" "cmTC_f5976"
[1/2] Building C object CMakeFiles\cmTC_f5976.dir\CheckIncludeFile.c.obj
FAILED: CMakeFiles/cmTC_f5976.dir/CheckIncludeFile.c.obj 
C:\PROGRA~1\LLVM\bin\clang-cl.exe    -o CMakeFiles\cmTC_f5976.dir\CheckIncludeFile.c.obj   -c CheckIncludeFile.c
CheckIncludeFile.c(1,10):  fatal error: 'pthread.h' file not found
#include <pthread.h>
         ^~~~~~~~~~~
1 error generated.
ninja: build stopped: subcommand failed.


Determining if the include file sys/ioctl.h exists failed with the following output:
Change Dir: C:/Users/David/Documents/School/Dia/build/CMakeFiles/CMakeTmp

Run Build Command:"C:/Users/David/Scripts/ninja.exe" "cmTC_2af32"
[1/2] Building C object CMakeFiles\cmTC_2af32.dir\CheckIncludeFile.c.obj
FAILED: CMakeFiles/cmTC_2af32.dir/CheckIncludeFile.c.obj 
C:\PROGRA~1\LLVM\bin\clang-cl.exe    -o CMakeFiles\cmTC_2af32.dir\CheckIncludeFile.c.obj   -c CheckIncludeFile.c
CheckIncludeFile.c(1,10):  fatal error: 'sys/ioctl.h' file not found
#include <sys/ioctl.h>
         ^~~~~~~~~~~~~
1 error generated.
ninja: build stopped: subcommand failed.


Determining if the include file sys/mman.h exists failed with the following output:
Change Dir: C:/Users/David/Documents/School/Dia/build/CMakeFiles/CMakeTmp

Run Build Command:"C:/Users/David/Scripts/ninja.exe" "cmTC_90ee0"
[1/2] Building C object CMakeFiles\cmTC_90ee0.dir\CheckIncludeFile.c.obj
FAILED: CMakeFiles/cmTC_90ee0.dir/CheckIncludeFile.c.obj 
C:\PROGRA~1\LLVM\bin\clang-cl.exe    -o CMakeFiles\cmTC_90ee0.dir\CheckIncludeFile.c.obj   -c CheckIncludeFile.c
CheckIncludeFile.c(1,10):  fatal error: 'sys/mman.h' file not found
#include <sys/mman.h>
         ^~~~~~~~~~~~
1 error generated.
ninja: build stopped: subcommand failed.


Determining if the include file sys/param.h exists failed with the following output:
Change Dir: C:/Users/David/Documents/School/Dia/build/CMakeFiles/CMakeTmp

Run Build Command:"C:/Users/David/Scripts/ninja.exe" "cmTC_17ae5"
[1/2] Building C object CMakeFiles\cmTC_17ae5.dir\CheckIncludeFile.c.obj
FAILED: CMakeFiles/cmTC_17ae5.dir/CheckIncludeFile.c.obj 
C:\PROGRA~1\LLVM\bin\clang-cl.exe    -o CMakeFiles\cmTC_17ae5.dir\CheckIncludeFile.c.obj   -c CheckIncludeFile.c
CheckIncludeFile.c(1,10):  fatal error: 'sys/param.h' file not found
#include <sys/param.h>
         ^~~~~~~~~~~~~
1 error generated.
ninja: build stopped: subcommand failed.


Determining if the include file sys/resource.h exists failed with the following output:
Change Dir: C:/Users/David/Documents/School/Dia/build/CMakeFiles/CMakeTmp

Run Build Command:"C:/Users/David/Scripts/ninja.exe" "cmTC_0e00f"
[1/2] Building C object CMakeFiles\cmTC_0e00f.dir\CheckIncludeFile.c.obj
FAILED: CMakeFiles/cmTC_0e00f.dir/CheckIncludeFile.c.obj 
C:\PROGRA~1\LLVM\bin\clang-cl.exe    -o CMakeFiles\cmTC_0e00f.dir\CheckIncludeFile.c.obj   -c CheckIncludeFile.c
CheckIncludeFile.c(1,10):  fatal error: 'sys/resource.h' file not found
#include <sys/resource.h>
         ^~~~~~~~~~~~~~~~
1 error generated.
ninja: build stopped: subcommand failed.


Determining if the include file sys/time.h exists failed with the following output:
Change Dir: C:/Users/David/Documents/School/Dia/build/CMakeFiles/CMakeTmp

Run Build Command:"C:/Users/David/Scripts/ninja.exe" "cmTC_4cb22"
[1/2] Building C object CMakeFiles\cmTC_4cb22.dir\CheckIncludeFile.c.obj
FAILED: CMakeFiles/cmTC_4cb22.dir/CheckIncludeFile.c.obj 
C:\PROGRA~1\LLVM\bin\clang-cl.exe    -o CMakeFiles\cmTC_4cb22.dir\CheckIncludeFile.c.obj   -c CheckIncludeFile.c
CheckIncludeFile.c(1,10):  fatal error: 'sys/time.h' file not found
#include <sys/time.h>
         ^~~~~~~~~~~~
1 error generated.
ninja: build stopped: subcommand failed.


Determining if the include file termios.h exists failed with the following output:
Change Dir: C:/Users/David/Documents/School/Dia/build/CMakeFiles/CMakeTmp

Run Build Command:"C:/Users/David/Scripts/ninja.exe" "cmTC_5e24e"
[1/2] Building C object CMakeFiles\cmTC_5e24e.dir\CheckIncludeFile.c.obj
FAILED: CMakeFiles/cmTC_5e24e.dir/CheckIncludeFile.c.obj 
C:\PROGRA~1\LLVM\bin\clang-cl.exe    -o CMakeFiles\cmTC_5e24e.dir\CheckIncludeFile.c.obj   -c CheckIncludeFile.c
CheckIncludeFile.c(1,10):  fatal error: 'termios.h' file not found
#include <termios.h>
         ^~~~~~~~~~~
1 error generated.
ninja: build stopped: subcommand failed.


Determining if the include file unistd.h exists failed with the following output:
Change Dir: C:/Users/David/Documents/School/Dia/build/CMakeFiles/CMakeTmp

Run Build Command:"C:/Users/David/Scripts/ninja.exe" "cmTC_1ccd6"
[1/2] Building C object CMakeFiles\cmTC_1ccd6.dir\CheckIncludeFile.c.obj
FAILED: CMakeFiles/cmTC_1ccd6.dir/CheckIncludeFile.c.obj 
C:\PROGRA~1\LLVM\bin\clang-cl.exe    -o CMakeFiles\cmTC_1ccd6.dir\CheckIncludeFile.c.obj   -c CheckIncludeFile.c
CheckIncludeFile.c(1,10):  fatal error: 'unistd.h' file not found
#include <unistd.h>
         ^~~~~~~~~~
1 error generated.
ninja: build stopped: subcommand failed.


Determining if the include file valgrind/valgrind.h exists failed with the following output:
Change Dir: C:/Users/David/Documents/School/Dia/build/CMakeFiles/CMakeTmp

Run Build Command:"C:/Users/David/Scripts/ninja.exe" "cmTC_81315"
[1/2] Building C object CMakeFiles\cmTC_81315.dir\CheckIncludeFile.c.obj
FAILED: CMakeFiles/cmTC_81315.dir/CheckIncludeFile.c.obj 
C:\PROGRA~1\LLVM\bin\clang-cl.exe    -o CMakeFiles\cmTC_81315.dir\CheckIncludeFile.c.obj   -c CheckIncludeFile.c
CheckIncludeFile.c(1,10):  fatal error: 'valgrind/valgrind.h' file not found
#include <valgrind/valgrind.h>
         ^~~~~~~~~~~~~~~~~~~~~
1 error generated.
ninja: build stopped: subcommand failed.


Determining if the include file zlib.h exists failed with the following output:
Change Dir: C:/Users/David/Documents/School/Dia/build/CMakeFiles/CMakeTmp

Run Build Command:"C:/Users/David/Scripts/ninja.exe" "cmTC_e91f3"
[1/2] Building C object CMakeFiles\cmTC_e91f3.dir\CheckIncludeFile.c.obj
FAILED: CMakeFiles/cmTC_e91f3.dir/CheckIncludeFile.c.obj 
C:\PROGRA~1\LLVM\bin\clang-cl.exe    -o CMakeFiles\cmTC_e91f3.dir\CheckIncludeFile.c.obj   -c CheckIncludeFile.c
CheckIncludeFile.c(1,10):  fatal error: 'zlib.h' file not found
#include <zlib.h>
         ^~~~~~~~
1 error generated.
ninja: build stopped: subcommand failed.


Determining if the include file mach/mach.h exists failed with the following output:
Change Dir: C:/Users/David/Documents/School/Dia/build/CMakeFiles/CMakeTmp

Run Build Command:"C:/Users/David/Scripts/ninja.exe" "cmTC_374e3"
[1/2] Building C object CMakeFiles\cmTC_374e3.dir\CheckIncludeFile.c.obj
FAILED: CMakeFiles/cmTC_374e3.dir/CheckIncludeFile.c.obj 
C:\PROGRA~1\LLVM\bin\clang-cl.exe    -o CMakeFiles\cmTC_374e3.dir\CheckIncludeFile.c.obj   -c CheckIncludeFile.c
CheckIncludeFile.c(1,10):  fatal error: 'mach/mach.h' file not found
#include <mach/mach.h>
         ^~~~~~~~~~~~~
1 error generated.
ninja: build stopped: subcommand failed.


Determining if the include file histedit.h exists failed with the following output:
Change Dir: C:/Users/David/Documents/School/Dia/build/CMakeFiles/CMakeTmp

Run Build Command:"C:/Users/David/Scripts/ninja.exe" "cmTC_0087f"
[1/2] Building C object CMakeFiles\cmTC_0087f.dir\CheckIncludeFile.c.obj
FAILED: CMakeFiles/cmTC_0087f.dir/CheckIncludeFile.c.obj 
C:\PROGRA~1\LLVM\bin\clang-cl.exe    -o CMakeFiles\cmTC_0087f.dir\CheckIncludeFile.c.obj   -c CheckIncludeFile.c
CheckIncludeFile.c(1,10):  fatal error: 'histedit.h' file not found
#include <histedit.h>
         ^~~~~~~~~~~~
1 error generated.
ninja: build stopped: subcommand failed.


Determining if the include file CrashReporterClient.h exists failed with the following output:
Change Dir: C:/Users/David/Documents/School/Dia/build/CMakeFiles/CMakeTmp

Run Build Command:"C:/Users/David/Scripts/ninja.exe" "cmTC_b0b0b"
[1/2] Building C object CMakeFiles\cmTC_b0b0b.dir\CheckIncludeFile.c.obj
FAILED: CMakeFiles/cmTC_b0b0b.dir/CheckIncludeFile.c.obj 
C:\PROGRA~1\LLVM\bin\clang-cl.exe    -o CMakeFiles\cmTC_b0b0b.dir\CheckIncludeFile.c.obj   -c CheckIncludeFile.c
CheckIncludeFile.c(1,10):  fatal error: 'CrashReporterClient.h' file not found
#include <CrashReporterClient.h>
         ^~~~~~~~~~~~~~~~~~~~~~~
1 error generated.
ninja: build stopped: subcommand failed.


Determining if the function pthread_create exists in the pthread failed with the following output:
Change Dir: C:/Users/David/Documents/School/Dia/build/CMakeFiles/CMakeTmp

Run Build Command:"C:/Users/David/Scripts/ninja.exe" "cmTC_74cd3"
[1/2] Building C object CMakeFiles\cmTC_74cd3.dir\CheckFunctionExists.c.obj
[2/2] Linking C executable cmTC_74cd3
FAILED: cmTC_74cd3 
cmd.exe /C "cd . && C:\PROGRA~1\LLVM\bin\clang-cl.exe -DCHECK_FUNCTION_EXISTS=pthread_create   CMakeFiles\cmTC_74cd3.dir\CheckFunctionExists.c.obj  -o cmTC_74cd3  -lpthread && cd ."
clang-cl.exe: warning: unknown argument ignored in clang-cl: '-lpthread' [-Wunknown-argument]
CheckFunctionExists.c.obj : error LNK2019: unresolved external symbol pthread_create referenced in function main
cmTC_74cd3.exe : fatal error LNK1120: 1 unresolved externals
clang-cl.exe: error: linker command failed with exit code 1120 (use -v to see invocation)
ninja: build stopped: subcommand failed.


Determining if the function pthread_create exists in the c failed with the following output:
Change Dir: C:/Users/David/Documents/School/Dia/build/CMakeFiles/CMakeTmp

Run Build Command:"C:/Users/David/Scripts/ninja.exe" "cmTC_298d2"
[1/2] Building C object CMakeFiles\cmTC_298d2.dir\CheckFunctionExists.c.obj
[2/2] Linking C executable cmTC_298d2
FAILED: cmTC_298d2 
cmd.exe /C "cd . && C:\PROGRA~1\LLVM\bin\clang-cl.exe -DCHECK_FUNCTION_EXISTS=pthread_create   CMakeFiles\cmTC_298d2.dir\CheckFunctionExists.c.obj  -o cmTC_298d2  -lc && cd ."
clang-cl.exe: warning: unknown argument ignored in clang-cl: '-lc' [-Wunknown-argument]
CheckFunctionExists.c.obj : error LNK2019: unresolved external symbol pthread_create referenced in function main
cmTC_298d2.exe : fatal error LNK1120: 1 unresolved externals
clang-cl.exe: error: linker command failed with exit code 1120 (use -v to see invocation)
ninja: build stopped: subcommand failed.


Determining if the function dlopen exists in the dl failed with the following output:
Change Dir: C:/Users/David/Documents/School/Dia/build/CMakeFiles/CMakeTmp

Run Build Command:"C:/Users/David/Scripts/ninja.exe" "cmTC_17a8e"
[1/2] Building C object CMakeFiles\cmTC_17a8e.dir\CheckFunctionExists.c.obj
[2/2] Linking C executable cmTC_17a8e
FAILED: cmTC_17a8e 
cmd.exe /C "cd . && C:\PROGRA~1\LLVM\bin\clang-cl.exe -DCHECK_FUNCTION_EXISTS=dlopen   CMakeFiles\cmTC_17a8e.dir\CheckFunctionExists.c.obj  -o cmTC_17a8e  -ldl && cd ."
clang-cl.exe: warning: unknown argument ignored in clang-cl: '-ldl' [-Wunknown-argument]
CheckFunctionExists.c.obj : error LNK2019: unresolved external symbol dlopen referenced in function main
cmTC_17a8e.exe : fatal error LNK1120: 1 unresolved externals
clang-cl.exe: error: linker command failed with exit code 1120 (use -v to see invocation)
ninja: build stopped: subcommand failed.


Determining if the function clock_gettime exists in the rt failed with the following output:
Change Dir: C:/Users/David/Documents/School/Dia/build/CMakeFiles/CMakeTmp

Run Build Command:"C:/Users/David/Scripts/ninja.exe" "cmTC_cee3b"
[1/2] Building C object CMakeFiles\cmTC_cee3b.dir\CheckFunctionExists.c.obj
[2/2] Linking C executable cmTC_cee3b
FAILED: cmTC_cee3b 
cmd.exe /C "cd . && C:\PROGRA~1\LLVM\bin\clang-cl.exe -DCHECK_FUNCTION_EXISTS=clock_gettime   CMakeFiles\cmTC_cee3b.dir\CheckFunctionExists.c.obj  -o cmTC_cee3b  -lrt && cd ."
clang-cl.exe: warning: unknown argument ignored in clang-cl: '-lrt' [-Wunknown-argument]
CheckFunctionExists.c.obj : error LNK2019: unresolved external symbol clock_gettime referenced in function main
cmTC_cee3b.exe : fatal error LNK1120: 1 unresolved externals
clang-cl.exe: error: linker command failed with exit code 1120 (use -v to see invocation)
ninja: build stopped: subcommand failed.


Determining if the function pfm_initialize exists in the pfm failed with the following output:
Change Dir: C:/Users/David/Documents/School/Dia/build/CMakeFiles/CMakeTmp

Run Build Command:"C:/Users/David/Scripts/ninja.exe" "cmTC_22530"
[1/2] Building C object CMakeFiles\cmTC_22530.dir\CheckFunctionExists.c.obj
[2/2] Linking C executable cmTC_22530
FAILED: cmTC_22530 
cmd.exe /C "cd . && C:\PROGRA~1\LLVM\bin\clang-cl.exe -DCHECK_FUNCTION_EXISTS=pfm_initialize   CMakeFiles\cmTC_22530.dir\CheckFunctionExists.c.obj  -o cmTC_22530  -lpfm && cd ."
clang-cl.exe: warning: unknown argument ignored in clang-cl: '-lpfm' [-Wunknown-argument]
CheckFunctionExists.c.obj : error LNK2019: unresolved external symbol pfm_initialize referenced in function main
cmTC_22530.exe : fatal error LNK1120: 1 unresolved externals
clang-cl.exe: error: linker command failed with exit code 1120 (use -v to see invocation)
ninja: build stopped: subcommand failed.


Determining if the function compress2 exists in the z failed with the following output:
Change Dir: C:/Users/David/Documents/School/Dia/build/CMakeFiles/CMakeTmp

Run Build Command:"C:/Users/David/Scripts/ninja.exe" "cmTC_f1a37"
[1/2] Building C object CMakeFiles\cmTC_f1a37.dir\CheckFunctionExists.c.obj
[2/2] Linking C executable cmTC_f1a37
FAILED: cmTC_f1a37 
cmd.exe /C "cd . && C:\PROGRA~1\LLVM\bin\clang-cl.exe -DCHECK_FUNCTION_EXISTS=compress2   CMakeFiles\cmTC_f1a37.dir\CheckFunctionExists.c.obj  -o cmTC_f1a37  -lz && cd ."
clang-cl.exe: warning: unknown argument ignored in clang-cl: '-lz' [-Wunknown-argument]
CheckFunctionExists.c.obj : error LNK2019: unresolved external symbol compress2 referenced in function main
cmTC_f1a37.exe : fatal error LNK1120: 1 unresolved externals
clang-cl.exe: error: linker command failed with exit code 1120 (use -v to see invocation)
ninja: build stopped: subcommand failed.


Determining if the function compress2 exists in the zlib_static failed with the following output:
Change Dir: C:/Users/David/Documents/School/Dia/build/CMakeFiles/CMakeTmp

Run Build Command:"C:/Users/David/Scripts/ninja.exe" "cmTC_75a37"
[1/2] Building C object CMakeFiles\cmTC_75a37.dir\CheckFunctionExists.c.obj
[2/2] Linking C executable cmTC_75a37
FAILED: cmTC_75a37 
cmd.exe /C "cd . && C:\PROGRA~1\LLVM\bin\clang-cl.exe -DCHECK_FUNCTION_EXISTS=compress2   CMakeFiles\cmTC_75a37.dir\CheckFunctionExists.c.obj  -o cmTC_75a37  -lzlib_static && cd ."
clang-cl.exe: warning: unknown argument ignored in clang-cl: '-lzlib_static' [-Wunknown-argument]
CheckFunctionExists.c.obj : error LNK2019: unresolved external symbol compress2 referenced in function main
cmTC_75a37.exe : fatal error LNK1120: 1 unresolved externals
clang-cl.exe: error: linker command failed with exit code 1120 (use -v to see invocation)
ninja: build stopped: subcommand failed.


Determining if the function compress2 exists in the zlib failed with the following output:
Change Dir: C:/Users/David/Documents/School/Dia/build/CMakeFiles/CMakeTmp

Run Build Command:"C:/Users/David/Scripts/ninja.exe" "cmTC_d7bf0"
[1/2] Building C object CMakeFiles\cmTC_d7bf0.dir\CheckFunctionExists.c.obj
[2/2] Linking C executable cmTC_d7bf0
FAILED: cmTC_d7bf0 
cmd.exe /C "cd . && C:\PROGRA~1\LLVM\bin\clang-cl.exe -DCHECK_FUNCTION_EXISTS=compress2   CMakeFiles\cmTC_d7bf0.dir\CheckFunctionExists.c.obj  -o cmTC_d7bf0  -lzlib && cd ."
clang-cl.exe: warning: unknown argument ignored in clang-cl: '-lzlib' [-Wunknown-argument]
CheckFunctionExists.c.obj : error LNK2019: unresolved external symbol compress2 referenced in function main
cmTC_d7bf0.exe : fatal error LNK1120: 1 unresolved externals
clang-cl.exe: error: linker command failed with exit code 1120 (use -v to see invocation)
ninja: build stopped: subcommand failed.


Determining if the function setupterm exists in the tinfo failed with the following output:
Change Dir: C:/Users/David/Documents/School/Dia/build/CMakeFiles/CMakeTmp

Run Build Command:"C:/Users/David/Scripts/ninja.exe" "cmTC_eaf67"
[1/2] Building C object CMakeFiles\cmTC_eaf67.dir\CheckFunctionExists.c.obj
[2/2] Linking C executable cmTC_eaf67
FAILED: cmTC_eaf67 
cmd.exe /C "cd . && C:\PROGRA~1\LLVM\bin\clang-cl.exe -DCHECK_FUNCTION_EXISTS=setupterm   CMakeFiles\cmTC_eaf67.dir\CheckFunctionExists.c.obj  -o cmTC_eaf67  -ltinfo && cd ."
clang-cl.exe: warning: unknown argument ignored in clang-cl: '-ltinfo' [-Wunknown-argument]
CheckFunctionExists.c.obj : error LNK2019: unresolved external symbol setupterm referenced in function main
cmTC_eaf67.exe : fatal error LNK1120: 1 unresolved externals
clang-cl.exe: error: linker command failed with exit code 1120 (use -v to see invocation)
ninja: build stopped: subcommand failed.


Determining if the function setupterm exists in the terminfo failed with the following output:
Change Dir: C:/Users/David/Documents/School/Dia/build/CMakeFiles/CMakeTmp

Run Build Command:"C:/Users/David/Scripts/ninja.exe" "cmTC_0a925"
[1/2] Building C object CMakeFiles\cmTC_0a925.dir\CheckFunctionExists.c.obj
[2/2] Linking C executable cmTC_0a925
FAILED: cmTC_0a925 
cmd.exe /C "cd . && C:\PROGRA~1\LLVM\bin\clang-cl.exe -DCHECK_FUNCTION_EXISTS=setupterm   CMakeFiles\cmTC_0a925.dir\CheckFunctionExists.c.obj  -o cmTC_0a925  -lterminfo && cd ."
clang-cl.exe: warning: unknown argument ignored in clang-cl: '-lterminfo' [-Wunknown-argument]
CheckFunctionExists.c.obj : error LNK2019: unresolved external symbol setupterm referenced in function main
cmTC_0a925.exe : fatal error LNK1120: 1 unresolved externals
clang-cl.exe: error: linker command failed with exit code 1120 (use -v to see invocation)
ninja: build stopped: subcommand failed.


Determining if the function setupterm exists in the curses failed with the following output:
Change Dir: C:/Users/David/Documents/School/Dia/build/CMakeFiles/CMakeTmp

Run Build Command:"C:/Users/David/Scripts/ninja.exe" "cmTC_d8261"
[1/2] Building C object CMakeFiles\cmTC_d8261.dir\CheckFunctionExists.c.obj
[2/2] Linking C executable cmTC_d8261
FAILED: cmTC_d8261 
cmd.exe /C "cd . && C:\PROGRA~1\LLVM\bin\clang-cl.exe -DCHECK_FUNCTION_EXISTS=setupterm   CMakeFiles\cmTC_d8261.dir\CheckFunctionExists.c.obj  -o cmTC_d8261  -lcurses && cd ."
clang-cl.exe: warning: unknown argument ignored in clang-cl: '-lcurses' [-Wunknown-argument]
CheckFunctionExists.c.obj : error LNK2019: unresolved external symbol setupterm referenced in function main
cmTC_d8261.exe : fatal error LNK1120: 1 unresolved externals
clang-cl.exe: error: linker command failed with exit code 1120 (use -v to see invocation)
ninja: build stopped: subcommand failed.


Determining if the function setupterm exists in the ncurses failed with the following output:
Change Dir: C:/Users/David/Documents/School/Dia/build/CMakeFiles/CMakeTmp

Run Build Command:"C:/Users/David/Scripts/ninja.exe" "cmTC_5edb5"
[1/2] Building C object CMakeFiles\cmTC_5edb5.dir\CheckFunctionExists.c.obj
[2/2] Linking C executable cmTC_5edb5
FAILED: cmTC_5edb5 
cmd.exe /C "cd . && C:\PROGRA~1\LLVM\bin\clang-cl.exe -DCHECK_FUNCTION_EXISTS=setupterm   CMakeFiles\cmTC_5edb5.dir\CheckFunctionExists.c.obj  -o cmTC_5edb5  -lncurses && cd ."
clang-cl.exe: warning: unknown argument ignored in clang-cl: '-lncurses' [-Wunknown-argument]
CheckFunctionExists.c.obj : error LNK2019: unresolved external symbol setupterm referenced in function main
cmTC_5edb5.exe : fatal error LNK1120: 1 unresolved externals
clang-cl.exe: error: linker command failed with exit code 1120 (use -v to see invocation)
ninja: build stopped: subcommand failed.


Determining if the function setupterm exists in the ncursesw failed with the following output:
Change Dir: C:/Users/David/Documents/School/Dia/build/CMakeFiles/CMakeTmp

Run Build Command:"C:/Users/David/Scripts/ninja.exe" "cmTC_8d561"
[1/2] Building C object CMakeFiles\cmTC_8d561.dir\CheckFunctionExists.c.obj
[2/2] Linking C executable cmTC_8d561
FAILED: cmTC_8d561 
cmd.exe /C "cd . && C:\PROGRA~1\LLVM\bin\clang-cl.exe -DCHECK_FUNCTION_EXISTS=setupterm   CMakeFiles\cmTC_8d561.dir\CheckFunctionExists.c.obj  -o cmTC_8d561  -lncursesw && cd ."
clang-cl.exe: warning: unknown argument ignored in clang-cl: '-lncursesw' [-Wunknown-argument]
CheckFunctionExists.c.obj : error LNK2019: unresolved external symbol setupterm referenced in function main
cmTC_8d561.exe : fatal error LNK1120: 1 unresolved externals
clang-cl.exe: error: linker command failed with exit code 1120 (use -v to see invocation)
ninja: build stopped: subcommand failed.


Determining if the function xar_open exists in the xar failed with the following output:
Change Dir: C:/Users/David/Documents/School/Dia/build/CMakeFiles/CMakeTmp

Run Build Command:"C:/Users/David/Scripts/ninja.exe" "cmTC_f889c"
[1/2] Building C object CMakeFiles\cmTC_f889c.dir\CheckFunctionExists.c.obj
[2/2] Linking C executable cmTC_f889c
FAILED: cmTC_f889c 
cmd.exe /C "cd . && C:\PROGRA~1\LLVM\bin\clang-cl.exe -DCHECK_FUNCTION_EXISTS=xar_open   CMakeFiles\cmTC_f889c.dir\CheckFunctionExists.c.obj  -o cmTC_f889c  -lxar && cd ."
clang-cl.exe: warning: unknown argument ignored in clang-cl: '-lxar' [-Wunknown-argument]
CheckFunctionExists.c.obj : error LNK2019: unresolved external symbol xar_open referenced in function main
cmTC_f889c.exe : fatal error LNK1120: 1 unresolved externals
clang-cl.exe: error: linker command failed with exit code 1120 (use -v to see invocation)
ninja: build stopped: subcommand failed.


Determining if the arc4random exist failed with the following output:
Change Dir: C:/Users/David/Documents/School/Dia/build/CMakeFiles/CMakeTmp

Run Build Command:"C:/Users/David/Scripts/ninja.exe" "cmTC_b8f70"
[1/2] Building C object CMakeFiles\cmTC_b8f70.dir\CheckSymbolExists.c.obj
FAILED: CMakeFiles/cmTC_b8f70.dir/CheckSymbolExists.c.obj 
C:\PROGRA~1\LLVM\bin\clang-cl.exe    -o CMakeFiles\cmTC_b8f70.dir\CheckSymbolExists.c.obj   -c CheckSymbolExists.c
CheckSymbolExists.c(8,19):  error: use of undeclared identifier 'arc4random'
  return ((int*)(&arc4random))[argc];
                  ^
1 error generated.
ninja: build stopped: subcommand failed.

File C:/Users/David/Documents/School/Dia/build/CMakeFiles/CMakeTmp/CheckSymbolExists.c:
/* */
#include <stdlib.h>

int main(int argc, char** argv)
{
  (void)argv;
#ifndef arc4random
  return ((int*)(&arc4random))[argc];
#else
  (void)argc;
  return 0;
#endif
}

Determining if the backtrace exist failed with the following output:
Change Dir: C:/Users/David/Documents/School/Dia/build/CMakeFiles/CMakeTmp

Run Build Command:"C:/Users/David/Scripts/ninja.exe" "cmTC_db2e1"
[1/2] Building C object CMakeFiles\cmTC_db2e1.dir\CheckSymbolExists.c.obj
FAILED: CMakeFiles/cmTC_db2e1.dir/CheckSymbolExists.c.obj 
C:\PROGRA~1\LLVM\bin\clang-cl.exe    -o CMakeFiles\cmTC_db2e1.dir\CheckSymbolExists.c.obj   -c CheckSymbolExists.c
CheckSymbolExists.c(2,10):  fatal error: 'execinfo.h' file not found
#include <execinfo.h>
         ^~~~~~~~~~~~
1 error generated.
ninja: build stopped: subcommand failed.

File C:/Users/David/Documents/School/Dia/build/CMakeFiles/CMakeTmp/CheckSymbolExists.c:
/* */
#include <execinfo.h>

int main(int argc, char** argv)
{
  (void)argv;
#ifndef backtrace
  return ((int*)(&backtrace))[argc];
#else
  (void)argc;
  return 0;
#endif
}

Determining if the _Unwind_Backtrace exist failed with the following output:
Change Dir: C:/Users/David/Documents/School/Dia/build/CMakeFiles/CMakeTmp

Run Build Command:"C:/Users/David/Scripts/ninja.exe" "cmTC_5c4de"
[1/2] Building C object CMakeFiles\cmTC_5c4de.dir\CheckSymbolExists.c.obj
[2/2] Linking C executable cmTC_5c4de
FAILED: cmTC_5c4de 
cmd.exe /C "cd . && C:\PROGRA~1\LLVM\bin\clang-cl.exe -Werror=unguarded-availability-new   CMakeFiles\cmTC_5c4de.dir\CheckSymbolExists.c.obj  -o cmTC_5c4de   && cd ."
CheckSymbolExists.c.obj : error LNK2019: unresolved external symbol _Unwind_Backtrace referenced in function main
cmTC_5c4de.exe : fatal error LNK1120: 1 unresolved externals
clang-cl.exe: error: linker command failed with exit code 1120 (use -v to see invocation)
ninja: build stopped: subcommand failed.

File C:/Users/David/Documents/School/Dia/build/CMakeFiles/CMakeTmp/CheckSymbolExists.c:
/* */
#include <unwind.h>

int main(int argc, char** argv)
{
  (void)argv;
#ifndef _Unwind_Backtrace
  return ((int*)(&_Unwind_Backtrace))[argc];
#else
  (void)argc;
  return 0;
#endif
}

Determining if the getpagesize exist failed with the following output:
Change Dir: C:/Users/David/Documents/School/Dia/build/CMakeFiles/CMakeTmp

Run Build Command:"C:/Users/David/Scripts/ninja.exe" "cmTC_a23bf"
[1/2] Building C object CMakeFiles\cmTC_a23bf.dir\CheckSymbolExists.c.obj
FAILED: CMakeFiles/cmTC_a23bf.dir/CheckSymbolExists.c.obj 
C:\PROGRA~1\LLVM\bin\clang-cl.exe   -Werror=unguarded-availability-new -o CMakeFiles\cmTC_a23bf.dir\CheckSymbolExists.c.obj   -c CheckSymbolExists.c
CheckSymbolExists.c(2,10):  fatal error: 'unistd.h' file not found
#include <unistd.h>
         ^~~~~~~~~~
1 error generated.
ninja: build stopped: subcommand failed.

File C:/Users/David/Documents/School/Dia/build/CMakeFiles/CMakeTmp/CheckSymbolExists.c:
/* */
#include <unistd.h>

int main(int argc, char** argv)
{
  (void)argv;
#ifndef getpagesize
  return ((int*)(&getpagesize))[argc];
#else
  (void)argc;
  return 0;
#endif
}

Determining if the sysconf exist failed with the following output:
Change Dir: C:/Users/David/Documents/School/Dia/build/CMakeFiles/CMakeTmp

Run Build Command:"C:/Users/David/Scripts/ninja.exe" "cmTC_41bd2"
[1/2] Building C object CMakeFiles\cmTC_41bd2.dir\CheckSymbolExists.c.obj
FAILED: CMakeFiles/cmTC_41bd2.dir/CheckSymbolExists.c.obj 
C:\PROGRA~1\LLVM\bin\clang-cl.exe   -Werror=unguarded-availability-new -o CMakeFiles\cmTC_41bd2.dir\CheckSymbolExists.c.obj   -c CheckSymbolExists.c
CheckSymbolExists.c(2,10):  fatal error: 'unistd.h' file not found
#include <unistd.h>
         ^~~~~~~~~~
1 error generated.
ninja: build stopped: subcommand failed.

File C:/Users/David/Documents/School/Dia/build/CMakeFiles/CMakeTmp/CheckSymbolExists.c:
/* */
#include <unistd.h>

int main(int argc, char** argv)
{
  (void)argv;
#ifndef sysconf
  return ((int*)(&sysconf))[argc];
#else
  (void)argc;
  return 0;
#endif
}

Determining if the getrusage exist failed with the following output:
Change Dir: C:/Users/David/Documents/School/Dia/build/CMakeFiles/CMakeTmp

Run Build Command:"C:/Users/David/Scripts/ninja.exe" "cmTC_13b11"
[1/2] Building C object CMakeFiles\cmTC_13b11.dir\CheckSymbolExists.c.obj
FAILED: CMakeFiles/cmTC_13b11.dir/CheckSymbolExists.c.obj 
C:\PROGRA~1\LLVM\bin\clang-cl.exe   -Werror=unguarded-availability-new -o CMakeFiles\cmTC_13b11.dir\CheckSymbolExists.c.obj   -c CheckSymbolExists.c
CheckSymbolExists.c(2,10):  fatal error: 'sys/resource.h' file not found
#include <sys/resource.h>
         ^~~~~~~~~~~~~~~~
1 error generated.
ninja: build stopped: subcommand failed.

File C:/Users/David/Documents/School/Dia/build/CMakeFiles/CMakeTmp/CheckSymbolExists.c:
/* */
#include <sys/resource.h>

int main(int argc, char** argv)
{
  (void)argv;
#ifndef getrusage
  return ((int*)(&getrusage))[argc];
#else
  (void)argc;
  return 0;
#endif
}

Determining if the setrlimit exist failed with the following output:
Change Dir: C:/Users/David/Documents/School/Dia/build/CMakeFiles/CMakeTmp

Run Build Command:"C:/Users/David/Scripts/ninja.exe" "cmTC_df8fc"
[1/2] Building C object CMakeFiles\cmTC_df8fc.dir\CheckSymbolExists.c.obj
FAILED: CMakeFiles/cmTC_df8fc.dir/CheckSymbolExists.c.obj 
C:\PROGRA~1\LLVM\bin\clang-cl.exe   -Werror=unguarded-availability-new -o CMakeFiles\cmTC_df8fc.dir\CheckSymbolExists.c.obj   -c CheckSymbolExists.c
CheckSymbolExists.c(2,10):  fatal error: 'sys/resource.h' file not found
#include <sys/resource.h>
         ^~~~~~~~~~~~~~~~
1 error generated.
ninja: build stopped: subcommand failed.

File C:/Users/David/Documents/School/Dia/build/CMakeFiles/CMakeTmp/CheckSymbolExists.c:
/* */
#include <sys/resource.h>

int main(int argc, char** argv)
{
  (void)argv;
#ifndef setrlimit
  return ((int*)(&setrlimit))[argc];
#else
  (void)argc;
  return 0;
#endif
}

Determining if the isatty exist failed with the following output:
Change Dir: C:/Users/David/Documents/School/Dia/build/CMakeFiles/CMakeTmp

Run Build Command:"C:/Users/David/Scripts/ninja.exe" "cmTC_28f53"
[1/2] Building C object CMakeFiles\cmTC_28f53.dir\CheckSymbolExists.c.obj
FAILED: CMakeFiles/cmTC_28f53.dir/CheckSymbolExists.c.obj 
C:\PROGRA~1\LLVM\bin\clang-cl.exe   -Werror=unguarded-availability-new -o CMakeFiles\cmTC_28f53.dir\CheckSymbolExists.c.obj   -c CheckSymbolExists.c
CheckSymbolExists.c(2,10):  fatal error: 'unistd.h' file not found
#include <unistd.h>
         ^~~~~~~~~~
1 error generated.
ninja: build stopped: subcommand failed.

File C:/Users/David/Documents/School/Dia/build/CMakeFiles/CMakeTmp/CheckSymbolExists.c:
/* */
#include <unistd.h>

int main(int argc, char** argv)
{
  (void)argv;
#ifndef isatty
  return ((int*)(&isatty))[argc];
#else
  (void)argc;
  return 0;
#endif
}

Determining if the futimens exist failed with the following output:
Change Dir: C:/Users/David/Documents/School/Dia/build/CMakeFiles/CMakeTmp

Run Build Command:"C:/Users/David/Scripts/ninja.exe" "cmTC_b8d23"
[1/2] Building C object CMakeFiles\cmTC_b8d23.dir\CheckSymbolExists.c.obj
FAILED: CMakeFiles/cmTC_b8d23.dir/CheckSymbolExists.c.obj 
C:\PROGRA~1\LLVM\bin\clang-cl.exe   -Werror=unguarded-availability-new -o CMakeFiles\cmTC_b8d23.dir\CheckSymbolExists.c.obj   -c CheckSymbolExists.c
CheckSymbolExists.c(8,19):  error: use of undeclared identifier 'futimens'
  return ((int*)(&futimens))[argc];
                  ^
1 error generated.
ninja: build stopped: subcommand failed.

File C:/Users/David/Documents/School/Dia/build/CMakeFiles/CMakeTmp/CheckSymbolExists.c:
/* */
#include <sys/stat.h>

int main(int argc, char** argv)
{
  (void)argv;
#ifndef futimens
  return ((int*)(&futimens))[argc];
#else
  (void)argc;
  return 0;
#endif
}

Determining if the futimes exist failed with the following output:
Change Dir: C:/Users/David/Documents/School/Dia/build/CMakeFiles/CMakeTmp

Run Build Command:"C:/Users/David/Scripts/ninja.exe" "cmTC_7c84e"
[1/2] Building C object CMakeFiles\cmTC_7c84e.dir\CheckSymbolExists.c.obj
FAILED: CMakeFiles/cmTC_7c84e.dir/CheckSymbolExists.c.obj 
C:\PROGRA~1\LLVM\bin\clang-cl.exe   -Werror=unguarded-availability-new -o CMakeFiles\cmTC_7c84e.dir\CheckSymbolExists.c.obj   -c CheckSymbolExists.c
CheckSymbolExists.c(2,10):  fatal error: 'sys/time.h' file not found
#include <sys/time.h>
         ^~~~~~~~~~~~
1 error generated.
ninja: build stopped: subcommand failed.

File C:/Users/David/Documents/School/Dia/build/CMakeFiles/CMakeTmp/CheckSymbolExists.c:
/* */
#include <sys/time.h>

int main(int argc, char** argv)
{
  (void)argv;
#ifndef futimes
  return ((int*)(&futimes))[argc];
#else
  (void)argc;
  return 0;
#endif
}

Determining if the posix_fallocate exist failed with the following output:
Change Dir: C:/Users/David/Documents/School/Dia/build/CMakeFiles/CMakeTmp

Run Build Command:"C:/Users/David/Scripts/ninja.exe" "cmTC_baf19"
[1/2] Building C object CMakeFiles\cmTC_baf19.dir\CheckSymbolExists.c.obj
FAILED: CMakeFiles/cmTC_baf19.dir/CheckSymbolExists.c.obj 
C:\PROGRA~1\LLVM\bin\clang-cl.exe   -Werror=unguarded-availability-new -o CMakeFiles\cmTC_baf19.dir\CheckSymbolExists.c.obj   -c CheckSymbolExists.c
CheckSymbolExists.c(8,19):  error: use of undeclared identifier 'posix_fallocate'
  return ((int*)(&posix_fallocate))[argc];
                  ^
1 error generated.
ninja: build stopped: subcommand failed.

File C:/Users/David/Documents/School/Dia/build/CMakeFiles/CMakeTmp/CheckSymbolExists.c:
/* */
#include <fcntl.h>

int main(int argc, char** argv)
{
  (void)argv;
#ifndef posix_fallocate
  return ((int*)(&posix_fallocate))[argc];
#else
  (void)argc;
  return 0;
#endif
}

Determining if the sigaltstack exist failed with the following output:
Change Dir: C:/Users/David/Documents/School/Dia/build/CMakeFiles/CMakeTmp

Run Build Command:"C:/Users/David/Scripts/ninja.exe" "cmTC_9cb54"
[1/2] Building C object CMakeFiles\cmTC_9cb54.dir\CheckSymbolExists.c.obj
FAILED: CMakeFiles/cmTC_9cb54.dir/CheckSymbolExists.c.obj 
C:\PROGRA~1\LLVM\bin\clang-cl.exe   -Werror=unguarded-availability-new -o CMakeFiles\cmTC_9cb54.dir\CheckSymbolExists.c.obj   -c CheckSymbolExists.c
CheckSymbolExists.c(8,19):  error: use of undeclared identifier 'sigaltstack'
  return ((int*)(&sigaltstack))[argc];
                  ^
1 error generated.
ninja: build stopped: subcommand failed.

File C:/Users/David/Documents/School/Dia/build/CMakeFiles/CMakeTmp/CheckSymbolExists.c:
/* */
#include <signal.h>

int main(int argc, char** argv)
{
  (void)argv;
#ifndef sigaltstack
  return ((int*)(&sigaltstack))[argc];
#else
  (void)argc;
  return 0;
#endif
}

Determining if the lseek64 exist failed with the following output:
Change Dir: C:/Users/David/Documents/School/Dia/build/CMakeFiles/CMakeTmp

Run Build Command:"C:/Users/David/Scripts/ninja.exe" "cmTC_57bd0"
[1/2] Building C object CMakeFiles\cmTC_57bd0.dir\CheckSymbolExists.c.obj
FAILED: CMakeFiles/cmTC_57bd0.dir/CheckSymbolExists.c.obj 
C:\PROGRA~1\LLVM\bin\clang-cl.exe -D_LARGEFILE64_SOURCE  -Werror=unguarded-availability-new -o CMakeFiles\cmTC_57bd0.dir\CheckSymbolExists.c.obj   -c CheckSymbolExists.c
CheckSymbolExists.c(3,10):  fatal error: 'unistd.h' file not found
#include <unistd.h>
         ^~~~~~~~~~
1 error generated.
ninja: build stopped: subcommand failed.

File C:/Users/David/Documents/School/Dia/build/CMakeFiles/CMakeTmp/CheckSymbolExists.c:
/* */
#include <sys/types.h>
#include <unistd.h>

int main(int argc, char** argv)
{
  (void)argv;
#ifndef lseek64
  return ((int*)(&lseek64))[argc];
#else
  (void)argc;
  return 0;
#endif
}

Determining if the mallctl exist failed with the following output:
Change Dir: C:/Users/David/Documents/School/Dia/build/CMakeFiles/CMakeTmp

Run Build Command:"C:/Users/David/Scripts/ninja.exe" "cmTC_c0225"
[1/2] Building C object CMakeFiles\cmTC_c0225.dir\CheckSymbolExists.c.obj
FAILED: CMakeFiles/cmTC_c0225.dir/CheckSymbolExists.c.obj 
C:\PROGRA~1\LLVM\bin\clang-cl.exe   -Werror=unguarded-availability-new -o CMakeFiles\cmTC_c0225.dir\CheckSymbolExists.c.obj   -c CheckSymbolExists.c
CheckSymbolExists.c(2,10):  fatal error: 'malloc_np.h' file not found
#include <malloc_np.h>
         ^~~~~~~~~~~~~
1 error generated.
ninja: build stopped: subcommand failed.

File C:/Users/David/Documents/School/Dia/build/CMakeFiles/CMakeTmp/CheckSymbolExists.c:
/* */
#include <malloc_np.h>

int main(int argc, char** argv)
{
  (void)argv;
#ifndef mallctl
  return ((int*)(&mallctl))[argc];
#else
  (void)argc;
  return 0;
#endif
}

Determining if the mallinfo exist failed with the following output:
Change Dir: C:/Users/David/Documents/School/Dia/build/CMakeFiles/CMakeTmp

Run Build Command:"C:/Users/David/Scripts/ninja.exe" "cmTC_449be"
[1/2] Building C object CMakeFiles\cmTC_449be.dir\CheckSymbolExists.c.obj
FAILED: CMakeFiles/cmTC_449be.dir/CheckSymbolExists.c.obj 
C:\PROGRA~1\LLVM\bin\clang-cl.exe   -Werror=unguarded-availability-new -o CMakeFiles\cmTC_449be.dir\CheckSymbolExists.c.obj   -c CheckSymbolExists.c
CheckSymbolExists.c(8,19):  error: use of undeclared identifier 'mallinfo'
  return ((int*)(&mallinfo))[argc];
                  ^
1 error generated.
ninja: build stopped: subcommand failed.

File C:/Users/David/Documents/School/Dia/build/CMakeFiles/CMakeTmp/CheckSymbolExists.c:
/* */
#include <malloc.h>

int main(int argc, char** argv)
{
  (void)argv;
#ifndef mallinfo
  return ((int*)(&mallinfo))[argc];
#else
  (void)argc;
  return 0;
#endif
}

Determining if the malloc_zone_statistics exist failed with the following output:
Change Dir: C:/Users/David/Documents/School/Dia/build/CMakeFiles/CMakeTmp

Run Build Command:"C:/Users/David/Scripts/ninja.exe" "cmTC_9007a"
[1/2] Building C object CMakeFiles\cmTC_9007a.dir\CheckSymbolExists.c.obj
FAILED: CMakeFiles/cmTC_9007a.dir/CheckSymbolExists.c.obj 
C:\PROGRA~1\LLVM\bin\clang-cl.exe   -Werror=unguarded-availability-new -o CMakeFiles\cmTC_9007a.dir\CheckSymbolExists.c.obj   -c CheckSymbolExists.c
CheckSymbolExists.c(2,10):  fatal error: 'malloc/malloc.h' file not found
#include <malloc/malloc.h>
         ^~~~~~~~~~~~~~~~~
1 error generated.
ninja: build stopped: subcommand failed.

File C:/Users/David/Documents/School/Dia/build/CMakeFiles/CMakeTmp/CheckSymbolExists.c:
/* */
#include <malloc/malloc.h>

int main(int argc, char** argv)
{
  (void)argv;
#ifndef malloc_zone_statistics
  return ((int*)(&malloc_zone_statistics))[argc];
#else
  (void)argc;
  return 0;
#endif
}

Determining if the getrlimit exist failed with the following output:
Change Dir: C:/Users/David/Documents/School/Dia/build/CMakeFiles/CMakeTmp

Run Build Command:"C:/Users/David/Scripts/ninja.exe" "cmTC_26879"
[1/2] Building C object CMakeFiles\cmTC_26879.dir\CheckSymbolExists.c.obj
FAILED: CMakeFiles/cmTC_26879.dir/CheckSymbolExists.c.obj 
C:\PROGRA~1\LLVM\bin\clang-cl.exe   -Werror=unguarded-availability-new -o CMakeFiles\cmTC_26879.dir\CheckSymbolExists.c.obj   -c CheckSymbolExists.c
CheckSymbolExists.c(3,10):  fatal error: 'sys/time.h' file not found
#include <sys/time.h>
         ^~~~~~~~~~~~
1 error generated.
ninja: build stopped: subcommand failed.

File C:/Users/David/Documents/School/Dia/build/CMakeFiles/CMakeTmp/CheckSymbolExists.c:
/* */
#include <sys/types.h>
#include <sys/time.h>
#include <sys/resource.h>

int main(int argc, char** argv)
{
  (void)argv;
#ifndef getrlimit
  return ((int*)(&getrlimit))[argc];
#else
  (void)argc;
  return 0;
#endif
}

Determining if the posix_spawn exist failed with the following output:
Change Dir: C:/Users/David/Documents/School/Dia/build/CMakeFiles/CMakeTmp

Run Build Command:"C:/Users/David/Scripts/ninja.exe" "cmTC_4d2fb"
[1/2] Building C object CMakeFiles\cmTC_4d2fb.dir\CheckSymbolExists.c.obj
FAILED: CMakeFiles/cmTC_4d2fb.dir/CheckSymbolExists.c.obj 
C:\PROGRA~1\LLVM\bin\clang-cl.exe   -Werror=unguarded-availability-new -o CMakeFiles\cmTC_4d2fb.dir\CheckSymbolExists.c.obj   -c CheckSymbolExists.c
CheckSymbolExists.c(2,10):  fatal error: 'spawn.h' file not found
#include <spawn.h>
         ^~~~~~~~~
1 error generated.
ninja: build stopped: subcommand failed.

File C:/Users/David/Documents/School/Dia/build/CMakeFiles/CMakeTmp/CheckSymbolExists.c:
/* */
#include <spawn.h>

int main(int argc, char** argv)
{
  (void)argv;
#ifndef posix_spawn
  return ((int*)(&posix_spawn))[argc];
#else
  (void)argc;
  return 0;
#endif
}

Determining if the pread exist failed with the following output:
Change Dir: C:/Users/David/Documents/School/Dia/build/CMakeFiles/CMakeTmp

Run Build Command:"C:/Users/David/Scripts/ninja.exe" "cmTC_ab3c7"
[1/2] Building C object CMakeFiles\cmTC_ab3c7.dir\CheckSymbolExists.c.obj
FAILED: CMakeFiles/cmTC_ab3c7.dir/CheckSymbolExists.c.obj 
C:\PROGRA~1\LLVM\bin\clang-cl.exe   -Werror=unguarded-availability-new -o CMakeFiles\cmTC_ab3c7.dir\CheckSymbolExists.c.obj   -c CheckSymbolExists.c
CheckSymbolExists.c(2,10):  fatal error: 'unistd.h' file not found
#include <unistd.h>
         ^~~~~~~~~~
1 error generated.
ninja: build stopped: subcommand failed.

File C:/Users/David/Documents/School/Dia/build/CMakeFiles/CMakeTmp/CheckSymbolExists.c:
/* */
#include <unistd.h>

int main(int argc, char** argv)
{
  (void)argv;
#ifndef pread
  return ((int*)(&pread))[argc];
#else
  (void)argc;
  return 0;
#endif
}

Determining if the realpath exist failed with the following output:
Change Dir: C:/Users/David/Documents/School/Dia/build/CMakeFiles/CMakeTmp

Run Build Command:"C:/Users/David/Scripts/ninja.exe" "cmTC_bf014"
[1/2] Building C object CMakeFiles\cmTC_bf014.dir\CheckSymbolExists.c.obj
FAILED: CMakeFiles/cmTC_bf014.dir/CheckSymbolExists.c.obj 
C:\PROGRA~1\LLVM\bin\clang-cl.exe   -Werror=unguarded-availability-new -o CMakeFiles\cmTC_bf014.dir\CheckSymbolExists.c.obj   -c CheckSymbolExists.c
CheckSymbolExists.c(8,19):  error: use of undeclared identifier 'realpath'
  return ((int*)(&realpath))[argc];
                  ^
1 error generated.
ninja: build stopped: subcommand failed.

File C:/Users/David/Documents/School/Dia/build/CMakeFiles/CMakeTmp/CheckSymbolExists.c:
/* */
#include <stdlib.h>

int main(int argc, char** argv)
{
  (void)argv;
#ifndef realpath
  return ((int*)(&realpath))[argc];
#else
  (void)argc;
  return 0;
#endif
}

Determining if the sbrk exist failed with the following output:
Change Dir: C:/Users/David/Documents/School/Dia/build/CMakeFiles/CMakeTmp

Run Build Command:"C:/Users/David/Scripts/ninja.exe" "cmTC_da63b"
[1/2] Building C object CMakeFiles\cmTC_da63b.dir\CheckSymbolExists.c.obj
FAILED: CMakeFiles/cmTC_da63b.dir/CheckSymbolExists.c.obj 
C:\PROGRA~1\LLVM\bin\clang-cl.exe   -Werror=unguarded-availability-new -o CMakeFiles\cmTC_da63b.dir\CheckSymbolExists.c.obj   -c CheckSymbolExists.c
CheckSymbolExists.c(2,10):  fatal error: 'unistd.h' file not found
#include <unistd.h>
         ^~~~~~~~~~
1 error generated.
ninja: build stopped: subcommand failed.

File C:/Users/David/Documents/School/Dia/build/CMakeFiles/CMakeTmp/CheckSymbolExists.c:
/* */
#include <unistd.h>

int main(int argc, char** argv)
{
  (void)argv;
#ifndef sbrk
  return ((int*)(&sbrk))[argc];
#else
  (void)argc;
  return 0;
#endif
}

Determining if the strerror_r exist failed with the following output:
Change Dir: C:/Users/David/Documents/School/Dia/build/CMakeFiles/CMakeTmp

Run Build Command:"C:/Users/David/Scripts/ninja.exe" "cmTC_b3973"
[1/2] Building C object CMakeFiles\cmTC_b3973.dir\CheckSymbolExists.c.obj
FAILED: CMakeFiles/cmTC_b3973.dir/CheckSymbolExists.c.obj 
C:\PROGRA~1\LLVM\bin\clang-cl.exe   -Werror=unguarded-availability-new -o CMakeFiles\cmTC_b3973.dir\CheckSymbolExists.c.obj   -c CheckSymbolExists.c
CheckSymbolExists.c(8,19):  error: use of undeclared identifier 'strerror_r'; did you mean 'strerror_s'?
  return ((int*)(&strerror_r))[argc];
                  ^~~~~~~~~~
                  strerror_s
C:\Program Files (x86)\Windows Kits\10\Include\10.0.16299.0\ucrt\string.h(41,30):  note: 'strerror_s' declared here
    _ACRTIMP errno_t __cdecl strerror_s(
                             ^
1 error generated.
ninja: build stopped: subcommand failed.

File C:/Users/David/Documents/School/Dia/build/CMakeFiles/CMakeTmp/CheckSymbolExists.c:
/* */
#include <string.h>

int main(int argc, char** argv)
{
  (void)argv;
#ifndef strerror_r
  return ((int*)(&strerror_r))[argc];
#else
  (void)argc;
  return 0;
#endif
}

Determining if the setenv exist failed with the following output:
Change Dir: C:/Users/David/Documents/School/Dia/build/CMakeFiles/CMakeTmp

Run Build Command:"C:/Users/David/Scripts/ninja.exe" "cmTC_617e4"
[1/2] Building C object CMakeFiles\cmTC_617e4.dir\CheckSymbolExists.c.obj
FAILED: CMakeFiles/cmTC_617e4.dir/CheckSymbolExists.c.obj 
C:\PROGRA~1\LLVM\bin\clang-cl.exe   -Werror=unguarded-availability-new -o CMakeFiles\cmTC_617e4.dir\CheckSymbolExists.c.obj   -c CheckSymbolExists.c
CheckSymbolExists.c(8,19):  error: use of undeclared identifier 'setenv'; did you mean 'getenv'?
  return ((int*)(&setenv))[argc];
                  ^~~~~~
                  getenv
C:\Program Files (x86)\Windows Kits\10\Include\10.0.16299.0\ucrt\stdlib.h(1199,32):  note: 'getenv' declared here
        _DCRTIMP char* __cdecl getenv(
                               ^
1 error generated.
ninja: build stopped: subcommand failed.

File C:/Users/David/Documents/School/Dia/build/CMakeFiles/CMakeTmp/CheckSymbolExists.c:
/* */
#include <stdlib.h>

int main(int argc, char** argv)
{
  (void)argv;
#ifndef setenv
  return ((int*)(&setenv))[argc];
#else
  (void)argc;
  return 0;
#endif
}

Determining if the __GLIBC__ exist failed with the following output:
Change Dir: C:/Users/David/Documents/School/Dia/build/CMakeFiles/CMakeTmp

Run Build Command:"C:/Users/David/Scripts/ninja.exe" "cmTC_301ef"
[1/2] Building C object CMakeFiles\cmTC_301ef.dir\CheckSymbolExists.c.obj
FAILED: CMakeFiles/cmTC_301ef.dir/CheckSymbolExists.c.obj 
C:\PROGRA~1\LLVM\bin\clang-cl.exe   -Werror=unguarded-availability-new -o CMakeFiles\cmTC_301ef.dir\CheckSymbolExists.c.obj   -c CheckSymbolExists.c
CheckSymbolExists.c(8,19):  error: use of undeclared identifier '__GLIBC__'
  return ((int*)(&__GLIBC__))[argc];
                  ^
1 error generated.
ninja: build stopped: subcommand failed.

File C:/Users/David/Documents/School/Dia/build/CMakeFiles/CMakeTmp/CheckSymbolExists.c:
/* */
#include <stdio.h>

int main(int argc, char** argv)
{
  (void)argv;
#ifndef __GLIBC__
  return ((int*)(&__GLIBC__))[argc];
#else
  (void)argc;
  return 0;
#endif
}

Determining if the sched_getaffinity exist failed with the following output:
Change Dir: C:/Users/David/Documents/School/Dia/build/CMakeFiles/CMakeTmp

Run Build Command:"C:/Users/David/Scripts/ninja.exe" "cmTC_1ff8f"
[1/2] Building C object CMakeFiles\cmTC_1ff8f.dir\CheckSymbolExists.c.obj
FAILED: CMakeFiles/cmTC_1ff8f.dir/CheckSymbolExists.c.obj 
C:\PROGRA~1\LLVM\bin\clang-cl.exe   -Werror=unguarded-availability-new -o CMakeFiles\cmTC_1ff8f.dir\CheckSymbolExists.c.obj   -c CheckSymbolExists.c
CheckSymbolExists.c(2,10):  fatal error: 'sched.h' file not found
#include <sched.h>
         ^~~~~~~~~
1 error generated.
ninja: build stopped: subcommand failed.

File C:/Users/David/Documents/School/Dia/build/CMakeFiles/CMakeTmp/CheckSymbolExists.c:
/* */
#include <sched.h>

int main(int argc, char** argv)
{
  (void)argv;
#ifndef sched_getaffinity
  return ((int*)(&sched_getaffinity))[argc];
#else
  (void)argc;
  return 0;
#endif
}

Determining if the CPU_COUNT exist failed with the following output:
Change Dir: C:/Users/David/Documents/School/Dia/build/CMakeFiles/CMakeTmp

Run Build Command:"C:/Users/David/Scripts/ninja.exe" "cmTC_f3e48"
[1/2] Building C object CMakeFiles\cmTC_f3e48.dir\CheckSymbolExists.c.obj
FAILED: CMakeFiles/cmTC_f3e48.dir/CheckSymbolExists.c.obj 
C:\PROGRA~1\LLVM\bin\clang-cl.exe   -Werror=unguarded-availability-new -o CMakeFiles\cmTC_f3e48.dir\CheckSymbolExists.c.obj   -c CheckSymbolExists.c
CheckSymbolExists.c(2,10):  fatal error: 'sched.h' file not found
#include <sched.h>
         ^~~~~~~~~
1 error generated.
ninja: build stopped: subcommand failed.

File C:/Users/David/Documents/School/Dia/build/CMakeFiles/CMakeTmp/CheckSymbolExists.c:
/* */
#include <sched.h>

int main(int argc, char** argv)
{
  (void)argv;
#ifndef CPU_COUNT
  return ((int*)(&CPU_COUNT))[argc];
#else
  (void)argc;
  return 0;
#endif
}

Determining if the pthread_getname_np exist failed with the following output:
Change Dir: C:/Users/David/Documents/School/Dia/build/CMakeFiles/CMakeTmp

Run Build Command:"C:/Users/David/Scripts/ninja.exe" "cmTC_8c2fb"
[1/2] Building C object CMakeFiles\cmTC_8c2fb.dir\CheckSymbolExists.c.obj
FAILED: CMakeFiles/cmTC_8c2fb.dir/CheckSymbolExists.c.obj 
C:\PROGRA~1\LLVM\bin\clang-cl.exe   -Werror=unguarded-availability-new -o CMakeFiles\cmTC_8c2fb.dir\CheckSymbolExists.c.obj   -c CheckSymbolExists.c
CheckSymbolExists.c(2,10):  fatal error: 'pthread.h' file not found
#include <pthread.h>
         ^~~~~~~~~~~
1 error generated.
ninja: build stopped: subcommand failed.

File C:/Users/David/Documents/School/Dia/build/CMakeFiles/CMakeTmp/CheckSymbolExists.c:
/* */
#include <pthread.h>

int main(int argc, char** argv)
{
  (void)argv;
#ifndef pthread_getname_np
  return ((int*)(&pthread_getname_np))[argc];
#else
  (void)argc;
  return 0;
#endif
}

Determining if the pthread_setname_np exist failed with the following output:
Change Dir: C:/Users/David/Documents/School/Dia/build/CMakeFiles/CMakeTmp

Run Build Command:"C:/Users/David/Scripts/ninja.exe" "cmTC_5fc41"
[1/2] Building C object CMakeFiles\cmTC_5fc41.dir\CheckSymbolExists.c.obj
FAILED: CMakeFiles/cmTC_5fc41.dir/CheckSymbolExists.c.obj 
C:\PROGRA~1\LLVM\bin\clang-cl.exe   -Werror=unguarded-availability-new -o CMakeFiles\cmTC_5fc41.dir\CheckSymbolExists.c.obj   -c CheckSymbolExists.c
CheckSymbolExists.c(2,10):  fatal error: 'pthread.h' file not found
#include <pthread.h>
         ^~~~~~~~~~~
1 error generated.
ninja: build stopped: subcommand failed.

File C:/Users/David/Documents/School/Dia/build/CMakeFiles/CMakeTmp/CheckSymbolExists.c:
/* */
#include <pthread.h>

int main(int argc, char** argv)
{
  (void)argv;
#ifndef pthread_setname_np
  return ((int*)(&pthread_setname_np))[argc];
#else
  (void)argc;
  return 0;
#endif
}

Checking whether the ASM compiler is GNU using "--version" did not match "(GNU assembler)|(GCC)|(Free Software Foundation)":
Checking whether the ASM compiler is HP using "-V" did not match "HP C":
Checking whether the ASM compiler is Intel using "--version" did not match "(ICC)":
Checking whether the ASM compiler is SunPro using "-V" did not match "Sun C":
Checking whether the ASM compiler is XL using "-qversion" did not match "XL C":
Checking whether the ASM compiler is MSVC using "/?" did not match "Microsoft":
Checking whether the ASM compiler is TI using "-h" did not match "Texas Instruments":
Checking whether the ASM compiler is IAR using "" did not match "IAR Assembler":
Checking whether the ASM compiler is ARMCC using "" did not match "(ARM Compiler)|(ARM Assembler)":
Checking whether the ASM compiler is NASM using "-v" did not match "(NASM version)":
Checking whether the ASM compiler is YASM using "--version" did not match "(yasm)":
Checking whether the ASM compiler is ADSP using "-version" did not match "Analog Devices":
Checking whether the ASM compiler is GNU using "--version" did not match "(GNU assembler)|(GCC)|(Free Software Foundation)":
Checking whether the ASM compiler is HP using "-V" did not match "HP C":
Checking whether the ASM compiler is Intel using "--version" did not match "(ICC)":
Checking whether the ASM compiler is SunPro using "-V" did not match "Sun C":
Checking whether the ASM compiler is XL using "-qversion" did not match "XL C":
Checking whether the ASM compiler is MSVC using "/?" did not match "Microsoft":
Checking whether the ASM compiler is TI using "-h" did not match "Texas Instruments":
Checking whether the ASM compiler is IAR using "" did not match "IAR Assembler":
Checking whether the ASM compiler is ARMCC using "" did not match "(ARM Compiler)|(ARM Assembler)":
Checking whether the ASM compiler is NASM using "-v" did not match "(NASM version)":
Checking whether the ASM compiler is YASM using "--version" did not match "(yasm)":
Checking whether the ASM compiler is ADSP using "-version" did not match "Analog Devices":
